2026-03-24 14:12:55,579 DEBUG asyncio: Using selector: KqueueSelector
2026-03-24 14:12:55,579 INFO __main__: Session started. Long-term context: [2026-03-18 14:50] Session ended (summary generation failed).
[2026-03-18 14:52] Session ended (summary generation failed).
[2026-03-24 14:07] Here's a summary of the clinical interaction for continui
2026-03-24 14:13:06,010 INFO __main__: Orchestrator obtained session log path: /Users/arijeet/Documents/Study Material/Fourth_Semeter/Master_thesis/Explainable_Model/explainableDepressionPrediction_mcp_server/logs/session-20260324-131306.log
2026-03-24 14:13:23,803 DEBUG __main__: a_generate_content: prompt length=6155
2026-03-24 14:13:25,154 DEBUG __main__: a_generate_content: response length=146
2026-03-24 14:13:25,154 DEBUG __main__: Plan response: ```json
{
  "tool": "predict_depression",
  "args": {
    "text": "My life gets worse every year : That’s what it feels like anyway...."
  }
}
```
2026-03-24 14:13:25,154 INFO __main__: Calling tool 'predict_depression' (resolved=predict_depression) with args={'text': 'My life gets worse every year : That’s what it feels like anyway....'}
2026-03-24 14:13:29,218 DEBUG __main__: Tool 'predict_depression' (resolved=predict_depression) returned data length=186
2026-03-24 14:13:29,219 DEBUG __main__: a_generate_content: prompt length=408
2026-03-24 14:13:32,990 DEBUG __main__: a_generate_content: response length=323
2026-03-24 14:13:32,991 DEBUG __main__: a_generate_content: prompt length=1307
2026-03-24 14:13:37,209 DEBUG __main__: a_generate_content: response length=334
2026-03-24 14:14:35,239 DEBUG __main__: a_generate_content: prompt length=6754
2026-03-24 14:14:36,633 DEBUG __main__: a_generate_content: response length=145
2026-03-24 14:14:36,633 DEBUG __main__: Plan response: ```json
{
  "tool": "shap_text_explain",
  "args": {
    "text": "My life gets worse every year : That’s what it feels like anyway...."
  }
}
```
2026-03-24 14:14:36,633 INFO __main__: Calling tool 'shap_text_explain' (resolved=shap_text_explain) with args={'text': 'My life gets worse every year : That’s what it feels like anyway....'}
2026-03-24 14:14:49,892 DEBUG __main__: Tool 'shap_text_explain' (resolved=shap_text_explain) returned data length=746
2026-03-24 14:14:49,892 DEBUG __main__: a_generate_content: prompt length=941
2026-03-24 14:14:53,501 DEBUG __main__: a_generate_content: response length=401
2026-03-24 14:14:53,501 DEBUG __main__: a_generate_content: prompt length=1794
2026-03-24 14:14:57,827 DEBUG __main__: a_generate_content: response length=412
2026-03-24 14:15:29,386 DEBUG __main__: a_generate_content: prompt length=7468
2026-03-24 14:15:30,368 DEBUG __main__: a_generate_content: response length=156
2026-03-24 14:15:30,370 DEBUG __main__: Plan response: ```json
{
  "tool": "generate_text_counterfactual",
  "args": {
    "text": "My life gets worse every year : That’s what it feels like anyway...."
  }
}
```
2026-03-24 14:15:30,371 INFO __main__: Calling tool 'generate_text_counterfactual' (resolved=generate_text_counterfactual) with args={'text': 'My life gets worse every year : That’s what it feels like anyway....'}
2026-03-24 14:15:30,400 DEBUG __main__: Tool 'generate_text_counterfactual' (resolved=generate_text_counterfactual) returned data length=85
2026-03-24 14:15:30,401 DEBUG __main__: a_generate_content: prompt length=280
2026-03-24 14:15:34,690 DEBUG __main__: a_generate_content: response length=287
2026-03-24 14:15:34,690 DEBUG __main__: a_generate_content: prompt length=2141
2026-03-24 14:15:39,871 DEBUG __main__: a_generate_content: response length=162
2026-03-24 14:16:35,561 DEBUG __main__: a_generate_content: prompt length=7966
2026-03-24 14:16:36,664 DEBUG __main__: a_generate_content: response length=114
2026-03-24 14:16:36,664 DEBUG __main__: Plan response: ```json
{
  "tool": "query_knowledge",
  "args": {
    "query": "DSM-5 criteria for moderate depression"
  }
}
```
2026-03-24 14:16:36,665 INFO __main__: Calling tool 'query_knowledge' (resolved=query_knowledge) with args={'query': 'DSM-5 criteria for moderate depression'}
2026-03-24 14:16:36,896 DEBUG __main__: Tool 'query_knowledge' (resolved=query_knowledge) returned data length=977
2026-03-24 14:16:36,897 DEBUG __main__: a_generate_content: prompt length=1183
2026-03-24 14:16:39,742 DEBUG __main__: a_generate_content: response length=474
2026-03-24 14:16:39,742 DEBUG __main__: a_generate_content: prompt length=3500
2026-03-24 14:16:43,903 DEBUG __main__: a_generate_content: response length=485
