2026-03-24 13:55:14,508 DEBUG asyncio: Using selector: KqueueSelector
2026-03-24 13:55:14,508 INFO __main__: Session started. Long-term context: [2026-03-18 14:50] Session ended (summary generation failed).
[2026-03-18 14:52] Session ended (summary generation failed).
2026-03-24 13:55:26,207 INFO __main__: Orchestrator obtained session log path: /Users/arijeet/Documents/Study Material/Fourth_Semeter/Master_thesis/Explainable_Model/explainableDepressionPrediction_mcp_server/logs/session-20260324-125526.log
2026-03-24 13:55:51,346 DEBUG __main__: a_generate_content: prompt length=5141
2026-03-24 13:55:52,639 DEBUG __main__: a_generate_content: response length=146
2026-03-24 13:55:52,640 DEBUG __main__: Plan response: ```json
{
  "tool": "predict_depression",
  "args": {
    "text": "My life gets worse every year : That’s what it feels like anyway...."
  }
}
```
2026-03-24 13:55:52,640 INFO __main__: Calling tool 'predict_depression' (resolved=predict_depression) with args={'text': 'My life gets worse every year : That’s what it feels like anyway....'}
2026-03-24 13:55:55,934 DEBUG __main__: Tool 'predict_depression' (resolved=predict_depression) returned data length=186
2026-03-24 13:55:55,935 DEBUG __main__: a_generate_content: prompt length=408
2026-03-24 13:55:59,560 DEBUG __main__: a_generate_content: response length=296
2026-03-24 13:55:59,560 DEBUG __main__: a_generate_content: prompt length=1280
2026-03-24 13:56:02,679 DEBUG __main__: a_generate_content: response length=307
2026-03-24 14:02:46,339 DEBUG __main__: a_generate_content: prompt length=5713
2026-03-24 14:02:47,700 DEBUG __main__: a_generate_content: response length=145
2026-03-24 14:02:47,700 DEBUG __main__: Plan response: ```json
{
  "tool": "shap_text_explain",
  "args": {
    "text": "My life gets worse every year : That’s what it feels like anyway...."
  }
}
```
2026-03-24 14:02:47,700 INFO __main__: Calling tool 'shap_text_explain' (resolved=shap_text_explain) with args={'text': 'My life gets worse every year : That’s what it feels like anyway....'}
2026-03-24 14:02:50,411 DEBUG __main__: Tool 'shap_text_explain' (resolved=shap_text_explain) returned data length=65
2026-03-24 14:02:50,411 DEBUG __main__: a_generate_content: prompt length=260
2026-03-24 14:02:53,434 DEBUG __main__: a_generate_content: response length=255
2026-03-24 14:02:53,434 DEBUG __main__: a_generate_content: prompt length=1621
2026-03-24 14:03:00,804 DEBUG __main__: a_generate_content: response length=285
2026-03-24 14:07:00,516 DEBUG __main__: a_generate_content: prompt length=1408
2026-03-24 14:07:09,136 DEBUG __main__: a_generate_content: response length=994
2026-03-24 14:07:09,139 INFO __main__: Saved long-term memory to /Users/arijeet/Documents/Study Material/Fourth_Semeter/Master_thesis/Explainable_Model/explainableDepressionPrediction_mcp_server/orchestrator/long_term_memory.json
